[2026-01-19T21:49:28.030Z] info  code-server 4.91.1 1962f48b7f71772dc2c060dbaa5a6b4c0792a549
[2026-01-19T21:49:28.033Z] info  Using user-data-dir /root/.local/share/code-server
[2026-01-19T21:49:28.056Z] info  Using config file /root/.config/code-server/config.yaml
[2026-01-19T21:49:28.056Z] info  HTTP server listening on http://0.0.0.0:8080/
[2026-01-19T21:49:28.056Z] info    - Authentication is disabled
[2026-01-19T21:49:28.056Z] info    - Not serving HTTPS
[2026-01-19T21:49:28.057Z] info  Session server listening on /root/.local/share/code-server/code-server-ipc.sock
[16:55:59] 




[16:55:59] Extension host agent started.
[16:56:02] [192.168.104.14][4fe9f8de][ManagementConnection] New connection established.
[16:56:05] [192.168.104.14][9a24eec1][ExtensionHostConnection] New connection established.
[16:56:07] [192.168.104.14][9a24eec1][ExtensionHostConnection] <3950> Launched Extension Host Process.
[16:56:14] Getting Manifest... esbenp.prettier-vscode
[16:56:14] Getting Manifest... ms-python.python
[16:56:14] Installing extension: ms-python.python {
  productVersion: { version: '1.91.1', date: '2024-07-15T17:58:33.007Z' },
  pinned: false,
  isApplicationScoped: false,
  installOnlyNewlyAddedFromExtensionPack: true,
  profileLocation: p {
    scheme: 'file',
    authority: '',
    path: '/root/.local/share/code-server/extensions/extensions.json',
    query: '',
    fragment: '',
    _formatted: 'file:///root/.local/share/code-server/extensions/extensions.json',
    _fsPath: '/root/.local/share/code-server/extensions/extensions.json'
  }
}
[16:56:14] Installing extension: esbenp.prettier-vscode {
  productVersion: { version: '1.91.1', date: '2024-07-15T17:58:33.007Z' },
  pinned: false,
  isApplicationScoped: false,
  installOnlyNewlyAddedFromExtensionPack: true,
  profileLocation: p {
    scheme: 'file',
    authority: '',
    path: '/root/.local/share/code-server/extensions/extensions.json',
    query: '',
    fragment: '',
    _formatted: 'file:///root/.local/share/code-server/extensions/extensions.json',
    _fsPath: '/root/.local/share/code-server/extensions/extensions.json'
  }
}
[16:56:14] Getting Manifest... ms-python.debugpy
[16:56:14] Installing extension: ms-python.debugpy {
  productVersion: { version: '1.91.1', date: '2024-07-15T17:58:33.007Z' },
  pinned: false,
  isApplicationScoped: false,
  installOnlyNewlyAddedFromExtensionPack: true,
  profileLocation: p {
    scheme: 'file',
    authority: '',
    path: '/root/.local/share/code-server/extensions/extensions.json',
    query: '',
    fragment: '',
    _formatted: 'file:///root/.local/share/code-server/extensions/extensions.json',
    _fsPath: '/root/.local/share/code-server/extensions/extensions.json'
  },
  context: { dependecyOrPackExtensionInstall: true }
}
[16:56:15] Extracted extension to file:///root/.local/share/code-server/extensions/esbenp.prettier-vscode-11.0.2-universal: esbenp.prettier-vscode
[16:56:15] Renamed to /root/.local/share/code-server/extensions/esbenp.prettier-vscode-11.0.2-universal
[16:56:15] Marked extension as uninstalled esbenp.prettier-vscode-11.0.0-universal
[16:56:15] Extension installed successfully: esbenp.prettier-vscode file:///root/.local/share/code-server/extensions/extensions.json
[16:56:17] Extracted extension to file:///root/.local/share/code-server/extensions/ms-python.debugpy-2024.8.0-linux-x64: ms-python.debugpy
[16:56:17] Renamed to /root/.local/share/code-server/extensions/ms-python.debugpy-2024.8.0-linux-x64
[16:56:20] Extracted extension to file:///root/.local/share/code-server/extensions/ms-python.python-2024.14.1-universal: ms-python.python
[16:56:20] Renamed to /root/.local/share/code-server/extensions/ms-python.python-2024.14.1-universal
[16:56:20] Marked extension as uninstalled ms-python.python-2021.5.829140558
[16:56:20] Extension installed successfully: ms-python.debugpy file:///root/.local/share/code-server/extensions/extensions.json
[16:56:20] Extension installed successfully: ms-python.python file:///root/.local/share/code-server/extensions/extensions.json
