2026-01-19 16:56:11.542 [info] Log level: Info
2026-01-19 16:56:11.542 [info] Validating found git in: "git"
2026-01-19 16:56:11.542 [info] Using git "2.43.0" from "git"
2026-01-19 16:56:11.542 [info] > git rev-parse --show-toplevel [3ms]
2026-01-19 16:56:11.542 [info] fatal: not a git repository (or any of the parent directories): .git
2026-01-19 16:56:11.542 [info] > git rev-parse --show-toplevel [2ms]
2026-01-19 16:56:11.542 [info] fatal: not a git repository (or any of the parent directories): .git
2026-01-19 16:56:11.542 [info] > git rev-parse --show-toplevel [2ms]
2026-01-19 16:56:11.542 [info] fatal: not a git repository (or any of the parent directories): .git
2026-01-19 16:56:11.542 [info] > git rev-parse --show-toplevel [2ms]
2026-01-19 16:56:11.543 [info] fatal: not a git repository (or any of the parent directories): .git
2026-01-19 16:56:11.543 [info] > git rev-parse --show-toplevel [1ms]
2026-01-19 16:56:11.543 [info] fatal: not a git repository (or any of the parent directories): .git
2026-01-19 16:56:11.543 [info] > git rev-parse --show-toplevel [2ms]
2026-01-19 16:56:11.543 [info] fatal: not a git repository (or any of the parent directories): .git
2026-01-19 16:56:11.543 [info] > git rev-parse --show-toplevel [3ms]
2026-01-19 16:56:11.543 [info] > git rev-parse --git-dir --git-common-dir [3ms]
2026-01-19 16:56:11.543 [info] Open repository: /root/.nvm
2026-01-19 16:56:11.543 [info] > git config --get commit.template [4ms]
2026-01-19 16:56:11.543 [info] > git rev-parse --show-toplevel [7ms]
2026-01-19 16:56:11.543 [info] > git for-each-ref --format %(refname) %(objectname) %(*objectname) refs/tags [4ms]
2026-01-19 16:56:11.543 [info] > git status -z -uall [363ms]
2026-01-19 16:56:11.543 [info] > git rev-parse --git-dir --git-common-dir [369ms]
2026-01-19 16:56:11.543 [info] Open repository: /root/.oh-my-zsh
2026-01-19 16:56:11.543 [info] > git rev-parse --show-toplevel [12ms]
2026-01-19 16:56:11.543 [info] fatal: not a git repository (or any of the parent directories): .git
2026-01-19 16:56:11.543 [info] > git config --get commit.template [15ms]
2026-01-19 16:56:11.543 [info] > git config --get commit.template [73ms]
2026-01-19 16:56:11.543 [info] > git rev-parse --show-toplevel [9ms]
2026-01-19 16:56:11.543 [info] fatal: not a git repository (or any of the parent directories): .git
2026-01-19 16:56:11.543 [info] > git for-each-ref --format=%(refname)%00%(upstream:short)%00%(objectname)%00%(upstream:track)%00%(upstream:remotename)%00%(upstream:remoteref) refs/heads/master refs/remotes/master [9ms]
2026-01-19 16:56:11.543 [info] > git for-each-ref --format %(refname) %(objectname) %(*objectname) refs/tags [6ms]
2026-01-19 16:56:11.543 [info] > git rev-parse --show-toplevel [6ms]
2026-01-19 16:56:11.543 [info] fatal: not a git repository (or any of the parent directories): .git
2026-01-19 16:56:11.543 [info] > git rev-parse --show-toplevel [78ms]
2026-01-19 16:56:11.543 [info] fatal: not a git repository (or any of the parent directories): .git
2026-01-19 16:56:11.543 [info] > git status -z -uall [91ms]
2026-01-19 16:56:11.661 [info] > git status -z -uall [203ms]
2026-01-19 16:56:11.673 [info] > git for-each-ref --format=%(refname)%00%(upstream:short)%00%(objectname)%00%(upstream:track)%00%(upstream:remotename)%00%(upstream:remoteref) refs/heads/master refs/remotes/master [8ms]
2026-01-19 16:56:11.677 [info] > git config --get commit.template [5ms]
2026-01-19 16:56:11.681 [info] > git config --local branch.master.vscode-merge-base [4ms]
2026-01-19 16:56:11.681 [warning] git config failed: Failed to execute git
2026-01-19 16:56:11.684 [info] > git for-each-ref --format=%(refname)%00%(upstream:short)%00%(objectname)%00%(upstream:track)%00%(upstream:remotename)%00%(upstream:remoteref) refs/heads/master refs/remotes/master [4ms]
2026-01-19 16:56:11.728 [info] > git reflog master --grep-reflog=branch: Created from *. [45ms]
2026-01-19 16:56:11.960 [info] > git status -z -uall [233ms]
2026-01-19 16:56:12.032 [info] > git for-each-ref --format=%(refname)%00%(upstream:short)%00%(objectname)%00%(upstream:track)%00%(upstream:remotename)%00%(upstream:remoteref) refs/heads/origin/master refs/remotes/origin/master [299ms]
2026-01-19 16:56:12.036 [info] > git for-each-ref --format=%(refname)%00%(upstream:short)%00%(objectname)%00%(upstream:track)%00%(upstream:remotename)%00%(upstream:remoteref) refs/heads/master refs/remotes/master [6ms]
2026-01-19 16:56:12.043 [info] > git symbolic-ref --short refs/remotes/origin/HEAD [7ms]
2026-01-19 16:56:12.043 [info] fatal: ref refs/remotes/origin/HEAD is not a symbolic ref
2026-01-19 16:56:12.050 [info] > git check-ignore -v -z --stdin [1ms]
2026-01-19 16:56:12.051 [info] > git merge-base refs/heads/master refs/remotes/origin/master [5ms]
2026-01-19 16:56:12.053 [info] > git config --local branch.master.vscode-merge-base [12ms]
2026-01-19 16:56:12.054 [warning] git config failed: Failed to execute git
2026-01-19 16:56:12.057 [info] > git rev-list --count --left-right refs/heads/master...refs/remotes/origin/master [4ms]
2026-01-19 16:56:12.171 [info] > git reflog master --grep-reflog=branch: Created from *. [115ms]
2026-01-19 16:56:12.175 [info] > git diff --name-status -z --diff-filter=ADMR f97e871c33da57d20e1b0411da6b1674126192a9...refs/remotes/origin/master [45ms]
2026-01-19 16:56:12.176 [info] > git for-each-ref --format=%(refname)%00%(upstream:short)%00%(objectname)%00%(upstream:track)%00%(upstream:remotename)%00%(upstream:remoteref) refs/heads/origin/master refs/remotes/origin/master [2ms]
2026-01-19 16:56:12.181 [info] > git symbolic-ref --short refs/remotes/origin/HEAD [2ms]
2026-01-19 16:56:12.181 [info] fatal: ref refs/remotes/origin/HEAD is not a symbolic ref
2026-01-19 16:56:12.655 [info] > git rev-parse --show-toplevel [2ms]
2026-01-19 16:56:12.655 [info] fatal: not a git repository (or any of the parent directories): .git
2026-01-19 16:56:21.161 [info] > git rev-parse --show-toplevel [4ms]
2026-01-19 16:56:21.161 [info] fatal: not a git repository (or any of the parent directories): .git
2026-01-19 17:04:55.385 [info] > git rev-parse --show-toplevel [4ms]
2026-01-19 17:04:55.385 [info] fatal: not a git repository (or any of the parent directories): .git
2026-01-19 17:05:15.833 [info] > git rev-parse --show-toplevel [3ms]
2026-01-19 17:05:15.833 [info] fatal: not a git repository (or any of the parent directories): .git
2026-01-19 17:06:54.539 [info] > git rev-parse --show-toplevel [2ms]
2026-01-19 17:06:54.539 [info] fatal: not a git repository (or any of the parent directories): .git
2026-01-19 17:06:55.796 [info] > git rev-parse --show-toplevel [2ms]
2026-01-19 17:06:55.796 [info] fatal: not a git repository (or any of the parent directories): .git
2026-01-19 17:06:59.255 [info] > git rev-parse --show-toplevel [1ms]
2026-01-19 17:06:59.255 [info] fatal: not a git repository (or any of the parent directories): .git
2026-01-19 17:07:01.904 [info] > git rev-parse --show-toplevel [1ms]
2026-01-19 17:07:01.904 [info] fatal: not a git repository (or any of the parent directories): .git
2026-01-19 17:07:03.850 [info] > git rev-parse --show-toplevel [2ms]
2026-01-19 17:07:03.850 [info] fatal: not a git repository (or any of the parent directories): .git
2026-01-19 17:07:07.750 [info] > git rev-parse --show-toplevel [2ms]
2026-01-19 17:07:07.750 [info] fatal: not a git repository (or any of the parent directories): .git
2026-01-19 17:07:24.102 [info] > git rev-parse --show-toplevel [2ms]
2026-01-19 17:07:24.102 [info] fatal: not a git repository (or any of the parent directories): .git
2026-01-19 17:07:43.195 [info] > git rev-parse --show-toplevel [2ms]
2026-01-19 17:07:43.195 [info] fatal: not a git repository (or any of the parent directories): .git
2026-01-19 17:09:48.548 [info] > git rev-parse --show-toplevel [2ms]
2026-01-19 17:09:48.548 [info] fatal: not a git repository (or any of the parent directories): .git
2026-01-19 17:11:08.411 [info] > git rev-parse --show-toplevel [2ms]
2026-01-19 17:11:08.411 [info] fatal: not a git repository (or any of the parent directories): .git
2026-01-19 17:13:09.766 [info] > git rev-parse --show-toplevel [2ms]
2026-01-19 17:13:09.766 [info] fatal: not a git repository (or any of the parent directories): .git
2026-01-19 17:13:23.484 [info] > git rev-parse --show-toplevel [2ms]
2026-01-19 17:13:23.484 [info] fatal: not a git repository (or any of the parent directories): .git
2026-01-19 17:15:15.485 [info] > git rev-parse --show-toplevel [2ms]
2026-01-19 17:15:15.485 [info] fatal: not a git repository (or any of the parent directories): .git
2026-01-19 17:15:38.402 [info] > git rev-parse --show-toplevel [1ms]
2026-01-19 17:15:38.403 [info] fatal: not a git repository (or any of the parent directories): .git
2026-01-19 17:15:54.606 [info] > git rev-parse --show-toplevel [1ms]
2026-01-19 17:15:54.606 [info] fatal: not a git repository (or any of the parent directories): .git
2026-01-19 17:16:07.143 [info] > git rev-parse --show-toplevel [2ms]
2026-01-19 17:16:07.143 [info] fatal: not a git repository (or any of the parent directories): .git
2026-01-19 17:17:30.743 [info] > git rev-parse --show-toplevel [1ms]
2026-01-19 17:17:30.743 [info] fatal: not a git repository (or any of the parent directories): .git
2026-01-19 17:17:45.627 [info] > git rev-parse --show-toplevel [2ms]
2026-01-19 17:17:45.627 [info] fatal: not a git repository (or any of the parent directories): .git
2026-01-19 17:21:16.756 [info] > git check-ignore -v -z --stdin [4ms]
2026-01-19 17:21:20.334 [info] > git show --textconv :.gitignore [5ms]
2026-01-19 17:21:20.335 [info] > git ls-files --stage -- /root/.nvm/.gitignore [3ms]
2026-01-19 17:21:20.339 [info] > git cat-file -s fcf59f80393b64e313c07eb559c9b3f0b859342c [1ms]
2026-01-19 17:22:49.202 [info] > git config --get commit.template [4ms]
2026-01-19 17:22:49.204 [info] > git for-each-ref --format %(refname) %(objectname) %(*objectname) refs/tags [3ms]
2026-01-19 17:22:49.223 [info] > git check-ignore -v -z --stdin [1ms]
2026-01-19 17:22:49.271 [info] > git status -z -uall [64ms]
2026-01-19 17:24:10.798 [info] > git rev-parse --show-toplevel [1ms]
2026-01-19 17:24:10.803 [info] > git rev-parse --git-dir --git-common-dir [2ms]
2026-01-19 17:24:10.812 [info] Open repository: /root/terraform-projects
2026-01-19 17:24:10.819 [info] No remotes found in the git config file.
2026-01-19 17:24:10.820 [info] > git config --get commit.template [4ms]
2026-01-19 17:24:10.820 [info] > git for-each-ref --format=%(refname)%00%(upstream:short)%00%(objectname)%00%(upstream:track)%00%(upstream:remotename)%00%(upstream:remoteref) refs/heads/master refs/remotes/master [1ms]
2026-01-19 17:24:10.821 [warning] No such branch: master.
2026-01-19 17:24:10.825 [info] > git status -z -uall [2ms]
2026-01-19 17:24:10.838 [info] > git for-each-ref --format=%(refname)%00%(upstream:short)%00%(objectname)%00%(upstream:track)%00%(upstream:remotename)%00%(upstream:remoteref) refs/heads/master refs/remotes/master [10ms]
2026-01-19 17:24:10.838 [warning] No such branch: master.
2026-01-19 17:24:10.839 [info] > git config --get commit.template [2ms]
2026-01-19 17:24:10.842 [info] No remotes found in the git config file.
2026-01-19 17:24:10.844 [info] > git for-each-ref --format=%(refname)%00%(upstream:short)%00%(objectname)%00%(upstream:track)%00%(upstream:remotename)%00%(upstream:remoteref) refs/heads/master refs/remotes/master [1ms]
2026-01-19 17:24:10.844 [warning] No such branch: master.
2026-01-19 17:24:10.848 [info] > git status -z -uall [2ms]
2026-01-19 17:24:10.854 [info] > git for-each-ref --format=%(refname)%00%(upstream:short)%00%(objectname)%00%(upstream:track)%00%(upstream:remotename)%00%(upstream:remoteref) refs/heads/master refs/remotes/master [3ms]
2026-01-19 17:24:10.854 [warning] No such branch: master.
2026-01-19 17:24:11.583 [info] > git check-ignore -v -z --stdin [3ms]
2026-01-19 17:24:11.585 [info] > git check-ignore -v -z --stdin [2ms]
2026-01-19 17:24:38.740 [info] > git config --get commit.template [4ms]
2026-01-19 17:24:38.741 [info] > git for-each-ref --format=%(refname)%00%(upstream:short)%00%(objectname)%00%(upstream:track)%00%(upstream:remotename)%00%(upstream:remoteref) refs/heads/master refs/remotes/master [2ms]
2026-01-19 17:24:38.741 [warning] No such branch: master.
2026-01-19 17:24:38.746 [info] > git status -z -uall [2ms]
2026-01-19 17:24:38.752 [info] > git for-each-ref --format=%(refname)%00%(upstream:short)%00%(objectname)%00%(upstream:track)%00%(upstream:remotename)%00%(upstream:remoteref) refs/heads/master refs/remotes/master [2ms]
2026-01-19 17:24:38.752 [warning] No such branch: master.
2026-01-19 17:24:58.995 [info] > git config --get commit.template [1ms]
2026-01-19 17:24:58.999 [info] > git for-each-ref --format=%(refname)%00%(upstream:short)%00%(objectname)%00%(upstream:track)%00%(upstream:remotename)%00%(upstream:remoteref) refs/heads/master refs/remotes/master [1ms]
2026-01-19 17:24:59.000 [warning] No such branch: master.
2026-01-19 17:24:59.004 [info] > git status -z -uall [2ms]
2026-01-19 17:24:59.009 [info] > git for-each-ref --format=%(refname)%00%(upstream:short)%00%(objectname)%00%(upstream:track)%00%(upstream:remotename)%00%(upstream:remoteref) refs/heads/master refs/remotes/master [1ms]
2026-01-19 17:24:59.009 [warning] No such branch: master.
2026-01-19 17:25:32.739 [info] > git config --get commit.template [4ms]
2026-01-19 17:25:32.740 [info] > git for-each-ref --format=%(refname)%00%(upstream:short)%00%(objectname)%00%(upstream:track)%00%(upstream:remotename)%00%(upstream:remoteref) refs/heads/master refs/remotes/master [2ms]
2026-01-19 17:25:32.740 [warning] No such branch: master.
2026-01-19 17:25:32.744 [info] > git status -z -uall [2ms]
2026-01-19 17:25:32.749 [info] > git for-each-ref --format=%(refname)%00%(upstream:short)%00%(objectname)%00%(upstream:track)%00%(upstream:remotename)%00%(upstream:remoteref) refs/heads/master refs/remotes/master [1ms]
2026-01-19 17:25:32.749 [warning] No such branch: master.
2026-01-19 17:26:06.418 [info] > git config --get commit.template [4ms]
2026-01-19 17:26:06.419 [info] > git for-each-ref --format=%(refname)%00%(upstream:short)%00%(objectname)%00%(upstream:track)%00%(upstream:remotename)%00%(upstream:remoteref) refs/heads/master refs/remotes/master [1ms]
2026-01-19 17:26:06.420 [warning] No such branch: master.
2026-01-19 17:26:06.425 [info] > git status -z -uall [3ms]
2026-01-19 17:26:06.430 [info] > git for-each-ref --format=%(refname)%00%(upstream:short)%00%(objectname)%00%(upstream:track)%00%(upstream:remotename)%00%(upstream:remoteref) refs/heads/master refs/remotes/master [2ms]
2026-01-19 17:26:06.430 [warning] No such branch: master.
2026-01-19 17:26:26.226 [info] > git config --get commit.template [4ms]
2026-01-19 17:26:26.227 [info] > git for-each-ref --format=%(refname)%00%(upstream:short)%00%(objectname)%00%(upstream:track)%00%(upstream:remotename)%00%(upstream:remoteref) refs/heads/master refs/remotes/master [2ms]
2026-01-19 17:26:26.227 [warning] No such branch: master.
2026-01-19 17:26:26.231 [info] > git status -z -uall [2ms]
2026-01-19 17:26:26.237 [info] > git for-each-ref --format=%(refname)%00%(upstream:short)%00%(objectname)%00%(upstream:track)%00%(upstream:remotename)%00%(upstream:remoteref) refs/heads/master refs/remotes/master [2ms]
2026-01-19 17:26:26.237 [warning] No such branch: master.
2026-01-19 17:26:41.567 [info] > git config --get commit.template [3ms]
2026-01-19 17:26:41.568 [info] > git for-each-ref --format=%(refname)%00%(upstream:short)%00%(objectname)%00%(upstream:track)%00%(upstream:remotename)%00%(upstream:remoteref) refs/heads/master refs/remotes/master [1ms]
2026-01-19 17:26:41.568 [warning] No such branch: master.
2026-01-19 17:26:41.572 [info] > git status -z -uall [2ms]
2026-01-19 17:26:41.577 [info] > git for-each-ref --format=%(refname)%00%(upstream:short)%00%(objectname)%00%(upstream:track)%00%(upstream:remotename)%00%(upstream:remoteref) refs/heads/master refs/remotes/master [2ms]
2026-01-19 17:26:41.577 [warning] No such branch: master.
2026-01-19 17:28:23.651 [info] > git rev-parse --show-toplevel [1ms]
2026-01-19 17:28:23.651 [info] fatal: not a git repository (or any of the parent directories): .git
2026-01-19 17:28:32.228 [info] > git config --get commit.template [5ms]
2026-01-19 17:28:32.229 [info] > git for-each-ref --format=%(refname)%00%(upstream:short)%00%(objectname)%00%(upstream:track)%00%(upstream:remotename)%00%(upstream:remoteref) refs/heads/master refs/remotes/master [2ms]
2026-01-19 17:28:32.229 [warning] No such branch: master.
2026-01-19 17:28:32.234 [info] > git status -z -uall [2ms]
2026-01-19 17:28:32.245 [info] > git for-each-ref --format=%(refname)%00%(upstream:short)%00%(objectname)%00%(upstream:track)%00%(upstream:remotename)%00%(upstream:remoteref) refs/heads/master refs/remotes/master [2ms]
2026-01-19 17:28:32.245 [warning] No such branch: master.
2026-01-19 17:29:10.511 [info] > git config --get commit.template [4ms]
2026-01-19 17:29:10.512 [info] > git for-each-ref --format=%(refname)%00%(upstream:short)%00%(objectname)%00%(upstream:track)%00%(upstream:remotename)%00%(upstream:remoteref) refs/heads/master refs/remotes/master [2ms]
2026-01-19 17:29:10.512 [warning] No such branch: master.
2026-01-19 17:29:10.517 [info] > git status -z -uall [2ms]
2026-01-19 17:29:10.521 [info] > git for-each-ref --format=%(refname)%00%(upstream:short)%00%(objectname)%00%(upstream:track)%00%(upstream:remotename)%00%(upstream:remoteref) refs/heads/master refs/remotes/master [1ms]
2026-01-19 17:29:10.521 [warning] No such branch: master.
2026-01-19 17:30:54.620 [info] > git config --get commit.template [4ms]
2026-01-19 17:30:54.621 [info] > git for-each-ref --format=%(refname)%00%(upstream:short)%00%(objectname)%00%(upstream:track)%00%(upstream:remotename)%00%(upstream:remoteref) refs/heads/master refs/remotes/master [2ms]
2026-01-19 17:30:54.621 [warning] No such branch: master.
2026-01-19 17:30:54.625 [info] > git status -z -uall [1ms]
2026-01-19 17:30:54.633 [info] > git for-each-ref --format=%(refname)%00%(upstream:short)%00%(objectname)%00%(upstream:track)%00%(upstream:remotename)%00%(upstream:remoteref) refs/heads/master refs/remotes/master [3ms]
2026-01-19 17:30:54.633 [warning] No such branch: master.
2026-01-19 17:31:33.582 [info] > git rev-parse --show-toplevel [1ms]
2026-01-19 17:31:33.582 [info] fatal: not a git repository (or any of the parent directories): .git
2026-01-19 17:31:48.359 [info] > git config --get commit.template [4ms]
2026-01-19 17:31:48.360 [info] > git for-each-ref --format=%(refname)%00%(upstream:short)%00%(objectname)%00%(upstream:track)%00%(upstream:remotename)%00%(upstream:remoteref) refs/heads/master refs/remotes/master [2ms]
2026-01-19 17:31:48.365 [info] > git status -z -uall [2ms]
2026-01-19 17:31:48.370 [info] > git for-each-ref --format=%(refname)%00%(upstream:short)%00%(objectname)%00%(upstream:track)%00%(upstream:remotename)%00%(upstream:remoteref) refs/heads/master refs/remotes/master [2ms]
2026-01-19 17:31:48.374 [info] > git config --local branch.master.vscode-merge-base [1ms]
2026-01-19 17:31:48.375 [warning] git config failed: Failed to execute git
2026-01-19 17:31:48.379 [info] > git reflog master --grep-reflog=branch: Created from *. [2ms]
2026-01-19 17:31:48.383 [info] > git symbolic-ref --short refs/remotes/origin/HEAD [1ms]
2026-01-19 17:31:48.383 [info] fatal: ref refs/remotes/origin/HEAD is not a symbolic ref
2026-01-19 17:32:03.091 [info] > git config --get commit.template [4ms]
2026-01-19 17:32:03.092 [info] > git for-each-ref --format=%(refname)%00%(upstream:short)%00%(objectname)%00%(upstream:track)%00%(upstream:remotename)%00%(upstream:remoteref) refs/heads/master refs/remotes/master [2ms]
2026-01-19 17:32:03.097 [info] > git status -z -uall [2ms]
2026-01-19 17:32:03.102 [info] > git for-each-ref --format=%(refname)%00%(upstream:short)%00%(objectname)%00%(upstream:track)%00%(upstream:remotename)%00%(upstream:remoteref) refs/heads/master refs/remotes/master [1ms]
2026-01-19 17:32:03.105 [info] > git config --local branch.master.vscode-merge-base [1ms]
2026-01-19 17:32:03.105 [warning] git config failed: Failed to execute git
2026-01-19 17:32:03.110 [info] > git reflog master --grep-reflog=branch: Created from *. [2ms]
2026-01-19 17:32:03.113 [info] > git symbolic-ref --short refs/remotes/origin/HEAD [1ms]
2026-01-19 17:32:03.113 [info] fatal: ref refs/remotes/origin/HEAD is not a symbolic ref
2026-01-19 17:34:21.361 [info] > git rev-parse --show-toplevel [2ms]
2026-01-19 17:34:21.366 [info] > git rev-parse --git-dir --git-common-dir [2ms]
2026-01-19 17:34:21.371 [info] Open repository: /root
2026-01-19 17:34:21.375 [info] No remotes found in the git config file.
2026-01-19 17:34:21.379 [info] > git config --get commit.template [3ms]
2026-01-19 17:34:21.379 [info] > git for-each-ref --format=%(refname)%00%(upstream:short)%00%(objectname)%00%(upstream:track)%00%(upstream:remotename)%00%(upstream:remoteref) refs/heads/master refs/remotes/master [1ms]
2026-01-19 17:34:21.380 [warning] No such branch: master.
2026-01-19 17:34:21.743 [info] > git status -z -uall [361ms]
2026-01-19 17:34:23.333 [info] > git for-each-ref --format=%(refname)%00%(upstream:short)%00%(objectname)%00%(upstream:track)%00%(upstream:remotename)%00%(upstream:remoteref) refs/heads/master refs/remotes/master [1554ms]
2026-01-19 17:34:23.333 [warning] No such branch: master.
2026-01-19 17:34:23.357 [info] > git config --get commit.template [102ms]
2026-01-19 17:34:23.358 [info] > git check-ignore -v -z --stdin [10ms]
2026-01-19 17:34:23.358 [info] > git check-ignore -v -z --stdin [6ms]
2026-01-19 17:34:23.358 [info] > git check-ignore -v -z --stdin [2ms]
2026-01-19 17:34:23.362 [info] No remotes found in the git config file.
2026-01-19 17:34:23.364 [info] > git for-each-ref --format=%(refname)%00%(upstream:short)%00%(objectname)%00%(upstream:track)%00%(upstream:remotename)%00%(upstream:remoteref) refs/heads/master refs/remotes/master [2ms]
2026-01-19 17:34:23.364 [warning] No such branch: master.
2026-01-19 17:34:23.656 [info] > git status -z -uall [289ms]
2026-01-19 17:34:25.005 [info] > git for-each-ref --format=%(refname)%00%(upstream:short)%00%(objectname)%00%(upstream:track)%00%(upstream:remotename)%00%(upstream:remoteref) refs/heads/master refs/remotes/master [1273ms]
2026-01-19 17:34:25.005 [warning] No such branch: master.
2026-01-19 17:34:30.064 [info] No remotes found in the git config file.
2026-01-19 17:34:30.065 [info] > git config --get commit.template [5ms]
2026-01-19 17:34:30.065 [info] > git for-each-ref --format=%(refname)%00%(upstream:short)%00%(objectname)%00%(upstream:track)%00%(upstream:remotename)%00%(upstream:remoteref) refs/heads/master refs/remotes/master [2ms]
2026-01-19 17:34:30.065 [warning] No such branch: master.
2026-01-19 17:34:30.179 [info] > git status -z -uall [110ms]
2026-01-19 17:34:31.359 [info] > git for-each-ref --format=%(refname)%00%(upstream:short)%00%(objectname)%00%(upstream:track)%00%(upstream:remotename)%00%(upstream:remoteref) refs/heads/master refs/remotes/master [1152ms]
2026-01-19 17:34:31.359 [warning] No such branch: master.
2026-01-19 17:34:36.987 [info] No remotes found in the git config file.
2026-01-19 17:34:36.988 [info] > git config --get commit.template [4ms]
2026-01-19 17:34:36.988 [info] > git for-each-ref --format=%(refname)%00%(upstream:short)%00%(objectname)%00%(upstream:track)%00%(upstream:remotename)%00%(upstream:remoteref) refs/heads/master refs/remotes/master [1ms]
2026-01-19 17:34:36.989 [warning] No such branch: master.
2026-01-19 17:34:37.112 [info] > git status -z -uall [120ms]
2026-01-19 17:34:38.295 [info] > git for-each-ref --format=%(refname)%00%(upstream:short)%00%(objectname)%00%(upstream:track)%00%(upstream:remotename)%00%(upstream:remoteref) refs/heads/master refs/remotes/master [1142ms]
2026-01-19 17:34:38.295 [warning] No such branch: master.
2026-01-19 17:34:42.281 [info] No remotes found in the git config file.
2026-01-19 17:34:42.281 [info] > git config --get commit.template [3ms]
2026-01-19 17:34:42.282 [info] > git for-each-ref --format=%(refname)%00%(upstream:short)%00%(objectname)%00%(upstream:track)%00%(upstream:remotename)%00%(upstream:remoteref) refs/heads/master refs/remotes/master [2ms]
2026-01-19 17:34:42.282 [warning] No such branch: master.
2026-01-19 17:34:42.447 [info] > git status -z -uall [162ms]
2026-01-19 17:34:44.479 [info] > git for-each-ref --format=%(refname)%00%(upstream:short)%00%(objectname)%00%(upstream:track)%00%(upstream:remotename)%00%(upstream:remoteref) refs/heads/master refs/remotes/master [1951ms]
2026-01-19 17:34:44.479 [warning] No such branch: master.
2026-01-19 17:34:47.754 [info] No remotes found in the git config file.
2026-01-19 17:34:47.754 [info] > git config --get commit.template [5ms]
2026-01-19 17:34:47.755 [info] > git for-each-ref --format=%(refname)%00%(upstream:short)%00%(objectname)%00%(upstream:track)%00%(upstream:remotename)%00%(upstream:remoteref) refs/heads/master refs/remotes/master [2ms]
2026-01-19 17:34:47.755 [warning] No such branch: master.
2026-01-19 17:34:48.028 [info] > git status -z -uall [269ms]
