2026-01-19 16:56:09.448 [info] Extension host with pid 3950 started
2026-01-19 16:56:09.547 [info] Lock '/root/.local/share/code-server/User/workspaceStorage/3a718857/vscode.lock': Lock acquired.
2026-01-19 16:56:09.758 [info] ExtensionService#_doActivateExtension vscode.git-base, startup: true, activationEvent: '*', root cause: vscode.git
2026-01-19 16:56:09.759 [info] ExtensionService#_doActivateExtension Gruntfuggly.activitusbar, startup: true, activationEvent: '*'
2026-01-19 16:56:09.760 [info] ExtensionService#_doActivateExtension Snowlie.terminalautoshow, startup: true, activationEvent: '*'
2026-01-19 16:56:10.029 [info] ExtensionService#_doActivateExtension vscode.git, startup: true, activationEvent: '*'
2026-01-19 16:56:10.030 [info] ExtensionService#_doActivateExtension vscode.github, startup: true, activationEvent: '*'
2026-01-19 16:56:10.970 [info] Eager extensions activated
2026-01-19 16:56:10.970 [info] ExtensionService#_doActivateExtension vscode.debug-auto-launch, startup: false, activationEvent: 'onStartupFinished'
2026-01-19 16:56:10.971 [info] ExtensionService#_doActivateExtension vscode.merge-conflict, startup: false, activationEvent: 'onStartupFinished'
2026-01-19 16:56:11.028 [info] ExtensionService#_doActivateExtension esbenp.prettier-vscode, startup: false, activationEvent: 'onStartupFinished'
2026-01-19 16:56:11.545 [info] ExtensionService#_doActivateExtension vscode.emmet, startup: false, activationEvent: 'onLanguage'
2026-01-19 16:56:12.132 [info] ExtensionService#_doActivateExtension vscode.github-authentication, startup: false, activationEvent: 'onAuthenticationRequest:github'
2026-01-19 17:24:11.841 [error] Error: No such branch: master.
	at F.getBranch (/usr/lib/code-server/lib/vscode/extensions/git/dist/main.js:2:935457)
	at async T.retryRun (/usr/lib/code-server/lib/vscode/extensions/git/dist/main.js:2:1028191)
	at async T.run (/usr/lib/code-server/lib/vscode/extensions/git/dist/main.js:2:1027795)
	at async T.getBranch (/usr/lib/code-server/lib/vscode/extensions/git/dist/main.js:2:1016176)
	at async T.getBranchBase (/usr/lib/code-server/lib/vscode/extensions/git/dist/main.js:2:1016462)
	at async t.GitHistoryProvider.resolveHEADMergeBase (/usr/lib/code-server/lib/vscode/extensions/git/dist/main.js:2:945925)
	at async t.GitHistoryProvider.onDidRunGitStatus (/usr/lib/code-server/lib/vscode/extensions/git/dist/main.js:2:940157)
2026-01-19 17:24:11.855 [error] Error: No such branch: master.
	at F.getBranch (/usr/lib/code-server/lib/vscode/extensions/git/dist/main.js:2:935457)
	at async T.retryRun (/usr/lib/code-server/lib/vscode/extensions/git/dist/main.js:2:1028191)
	at async T.run (/usr/lib/code-server/lib/vscode/extensions/git/dist/main.js:2:1027795)
	at async T.getBranch (/usr/lib/code-server/lib/vscode/extensions/git/dist/main.js:2:1016176)
	at async T.getBranchBase (/usr/lib/code-server/lib/vscode/extensions/git/dist/main.js:2:1016462)
	at async t.GitHistoryProvider.resolveHEADMergeBase (/usr/lib/code-server/lib/vscode/extensions/git/dist/main.js:2:945925)
	at async t.GitHistoryProvider.onDidRunGitStatus (/usr/lib/code-server/lib/vscode/extensions/git/dist/main.js:2:940157)
2026-01-19 17:24:39.752 [error] Error: No such branch: master.
	at F.getBranch (/usr/lib/code-server/lib/vscode/extensions/git/dist/main.js:2:935457)
	at async T.retryRun (/usr/lib/code-server/lib/vscode/extensions/git/dist/main.js:2:1028191)
	at async T.run (/usr/lib/code-server/lib/vscode/extensions/git/dist/main.js:2:1027795)
	at async T.getBranch (/usr/lib/code-server/lib/vscode/extensions/git/dist/main.js:2:1016176)
	at async T.getBranchBase (/usr/lib/code-server/lib/vscode/extensions/git/dist/main.js:2:1016462)
	at async t.GitHistoryProvider.resolveHEADMergeBase (/usr/lib/code-server/lib/vscode/extensions/git/dist/main.js:2:945925)
	at async t.GitHistoryProvider.onDidRunGitStatus (/usr/lib/code-server/lib/vscode/extensions/git/dist/main.js:2:940157)
2026-01-19 17:25:00.010 [error] Error: No such branch: master.
	at F.getBranch (/usr/lib/code-server/lib/vscode/extensions/git/dist/main.js:2:935457)
	at async T.retryRun (/usr/lib/code-server/lib/vscode/extensions/git/dist/main.js:2:1028191)
	at async T.run (/usr/lib/code-server/lib/vscode/extensions/git/dist/main.js:2:1027795)
	at async T.getBranch (/usr/lib/code-server/lib/vscode/extensions/git/dist/main.js:2:1016176)
	at async T.getBranchBase (/usr/lib/code-server/lib/vscode/extensions/git/dist/main.js:2:1016462)
	at async t.GitHistoryProvider.resolveHEADMergeBase (/usr/lib/code-server/lib/vscode/extensions/git/dist/main.js:2:945925)
	at async t.GitHistoryProvider.onDidRunGitStatus (/usr/lib/code-server/lib/vscode/extensions/git/dist/main.js:2:940157)
2026-01-19 17:25:33.751 [error] Error: No such branch: master.
	at F.getBranch (/usr/lib/code-server/lib/vscode/extensions/git/dist/main.js:2:935457)
	at process.processTicksAndRejections (node:internal/process/task_queues:95:5)
	at async T.retryRun (/usr/lib/code-server/lib/vscode/extensions/git/dist/main.js:2:1028191)
	at async T.run (/usr/lib/code-server/lib/vscode/extensions/git/dist/main.js:2:1027795)
	at async T.getBranch (/usr/lib/code-server/lib/vscode/extensions/git/dist/main.js:2:1016176)
	at async T.getBranchBase (/usr/lib/code-server/lib/vscode/extensions/git/dist/main.js:2:1016462)
	at async t.GitHistoryProvider.resolveHEADMergeBase (/usr/lib/code-server/lib/vscode/extensions/git/dist/main.js:2:945925)
	at async t.GitHistoryProvider.onDidRunGitStatus (/usr/lib/code-server/lib/vscode/extensions/git/dist/main.js:2:940157)
2026-01-19 17:26:07.431 [error] Error: No such branch: master.
	at F.getBranch (/usr/lib/code-server/lib/vscode/extensions/git/dist/main.js:2:935457)
	at async T.retryRun (/usr/lib/code-server/lib/vscode/extensions/git/dist/main.js:2:1028191)
	at async T.run (/usr/lib/code-server/lib/vscode/extensions/git/dist/main.js:2:1027795)
	at async T.getBranch (/usr/lib/code-server/lib/vscode/extensions/git/dist/main.js:2:1016176)
	at async T.getBranchBase (/usr/lib/code-server/lib/vscode/extensions/git/dist/main.js:2:1016462)
	at async t.GitHistoryProvider.resolveHEADMergeBase (/usr/lib/code-server/lib/vscode/extensions/git/dist/main.js:2:945925)
	at async t.GitHistoryProvider.onDidRunGitStatus (/usr/lib/code-server/lib/vscode/extensions/git/dist/main.js:2:940157)
2026-01-19 17:26:27.239 [error] Error: No such branch: master.
	at F.getBranch (/usr/lib/code-server/lib/vscode/extensions/git/dist/main.js:2:935457)
	at async T.retryRun (/usr/lib/code-server/lib/vscode/extensions/git/dist/main.js:2:1028191)
	at async T.run (/usr/lib/code-server/lib/vscode/extensions/git/dist/main.js:2:1027795)
	at async T.getBranch (/usr/lib/code-server/lib/vscode/extensions/git/dist/main.js:2:1016176)
	at async T.getBranchBase (/usr/lib/code-server/lib/vscode/extensions/git/dist/main.js:2:1016462)
	at async t.GitHistoryProvider.resolveHEADMergeBase (/usr/lib/code-server/lib/vscode/extensions/git/dist/main.js:2:945925)
	at async t.GitHistoryProvider.onDidRunGitStatus (/usr/lib/code-server/lib/vscode/extensions/git/dist/main.js:2:940157)
2026-01-19 17:26:42.578 [error] Error: No such branch: master.
	at F.getBranch (/usr/lib/code-server/lib/vscode/extensions/git/dist/main.js:2:935457)
	at async T.retryRun (/usr/lib/code-server/lib/vscode/extensions/git/dist/main.js:2:1028191)
	at async T.run (/usr/lib/code-server/lib/vscode/extensions/git/dist/main.js:2:1027795)
	at async T.getBranch (/usr/lib/code-server/lib/vscode/extensions/git/dist/main.js:2:1016176)
	at async T.getBranchBase (/usr/lib/code-server/lib/vscode/extensions/git/dist/main.js:2:1016462)
	at async t.GitHistoryProvider.resolveHEADMergeBase (/usr/lib/code-server/lib/vscode/extensions/git/dist/main.js:2:945925)
	at async t.GitHistoryProvider.onDidRunGitStatus (/usr/lib/code-server/lib/vscode/extensions/git/dist/main.js:2:940157)
2026-01-19 17:28:33.246 [error] Error: No such branch: master.
	at F.getBranch (/usr/lib/code-server/lib/vscode/extensions/git/dist/main.js:2:935457)
	at async T.retryRun (/usr/lib/code-server/lib/vscode/extensions/git/dist/main.js:2:1028191)
	at async T.run (/usr/lib/code-server/lib/vscode/extensions/git/dist/main.js:2:1027795)
	at async T.getBranch (/usr/lib/code-server/lib/vscode/extensions/git/dist/main.js:2:1016176)
	at async T.getBranchBase (/usr/lib/code-server/lib/vscode/extensions/git/dist/main.js:2:1016462)
	at async t.GitHistoryProvider.resolveHEADMergeBase (/usr/lib/code-server/lib/vscode/extensions/git/dist/main.js:2:945925)
	at async t.GitHistoryProvider.onDidRunGitStatus (/usr/lib/code-server/lib/vscode/extensions/git/dist/main.js:2:940157)
2026-01-19 17:29:11.522 [error] Error: No such branch: master.
	at F.getBranch (/usr/lib/code-server/lib/vscode/extensions/git/dist/main.js:2:935457)
	at async T.retryRun (/usr/lib/code-server/lib/vscode/extensions/git/dist/main.js:2:1028191)
	at async T.run (/usr/lib/code-server/lib/vscode/extensions/git/dist/main.js:2:1027795)
	at async T.getBranch (/usr/lib/code-server/lib/vscode/extensions/git/dist/main.js:2:1016176)
	at async T.getBranchBase (/usr/lib/code-server/lib/vscode/extensions/git/dist/main.js:2:1016462)
	at async t.GitHistoryProvider.resolveHEADMergeBase (/usr/lib/code-server/lib/vscode/extensions/git/dist/main.js:2:945925)
	at async t.GitHistoryProvider.onDidRunGitStatus (/usr/lib/code-server/lib/vscode/extensions/git/dist/main.js:2:940157)
2026-01-19 17:30:55.634 [error] Error: No such branch: master.
	at F.getBranch (/usr/lib/code-server/lib/vscode/extensions/git/dist/main.js:2:935457)
	at async T.retryRun (/usr/lib/code-server/lib/vscode/extensions/git/dist/main.js:2:1028191)
	at async T.run (/usr/lib/code-server/lib/vscode/extensions/git/dist/main.js:2:1027795)
	at async T.getBranch (/usr/lib/code-server/lib/vscode/extensions/git/dist/main.js:2:1016176)
	at async T.getBranchBase (/usr/lib/code-server/lib/vscode/extensions/git/dist/main.js:2:1016462)
	at async t.GitHistoryProvider.resolveHEADMergeBase (/usr/lib/code-server/lib/vscode/extensions/git/dist/main.js:2:945925)
	at async t.GitHistoryProvider.onDidRunGitStatus (/usr/lib/code-server/lib/vscode/extensions/git/dist/main.js:2:940157)
2026-01-19 17:34:22.073 [warning] [Decorations] CAPPING events from decorations provider vscode.git 9014
2026-01-19 17:34:23.836 [warning] [Decorations] CAPPING events from decorations provider vscode.git 9014
2026-01-19 17:34:25.006 [error] Error: No such branch: master.
	at F.getBranch (/usr/lib/code-server/lib/vscode/extensions/git/dist/main.js:2:935457)
	at async T.retryRun (/usr/lib/code-server/lib/vscode/extensions/git/dist/main.js:2:1028191)
	at async T.run (/usr/lib/code-server/lib/vscode/extensions/git/dist/main.js:2:1027795)
	at async T.getBranch (/usr/lib/code-server/lib/vscode/extensions/git/dist/main.js:2:1016176)
	at async T.getBranchBase (/usr/lib/code-server/lib/vscode/extensions/git/dist/main.js:2:1016462)
	at async t.GitHistoryProvider.resolveHEADMergeBase (/usr/lib/code-server/lib/vscode/extensions/git/dist/main.js:2:945925)
	at async t.GitHistoryProvider.onDidRunGitStatus (/usr/lib/code-server/lib/vscode/extensions/git/dist/main.js:2:940157)
2026-01-19 17:34:26.006 [error] Error: No such branch: master.
	at F.getBranch (/usr/lib/code-server/lib/vscode/extensions/git/dist/main.js:2:935457)
	at async T.retryRun (/usr/lib/code-server/lib/vscode/extensions/git/dist/main.js:2:1028191)
	at async T.run (/usr/lib/code-server/lib/vscode/extensions/git/dist/main.js:2:1027795)
	at async T.getBranch (/usr/lib/code-server/lib/vscode/extensions/git/dist/main.js:2:1016176)
	at async T.getBranchBase (/usr/lib/code-server/lib/vscode/extensions/git/dist/main.js:2:1016462)
	at async t.GitHistoryProvider.resolveHEADMergeBase (/usr/lib/code-server/lib/vscode/extensions/git/dist/main.js:2:945925)
	at async t.GitHistoryProvider.onDidRunGitStatus (/usr/lib/code-server/lib/vscode/extensions/git/dist/main.js:2:940157)
2026-01-19 17:34:30.299 [warning] [Decorations] CAPPING events from decorations provider vscode.git 9014
2026-01-19 17:34:32.360 [error] Error: No such branch: master.
	at F.getBranch (/usr/lib/code-server/lib/vscode/extensions/git/dist/main.js:2:935457)
	at async T.retryRun (/usr/lib/code-server/lib/vscode/extensions/git/dist/main.js:2:1028191)
	at async T.run (/usr/lib/code-server/lib/vscode/extensions/git/dist/main.js:2:1027795)
	at async T.getBranch (/usr/lib/code-server/lib/vscode/extensions/git/dist/main.js:2:1016176)
	at async T.getBranchBase (/usr/lib/code-server/lib/vscode/extensions/git/dist/main.js:2:1016462)
	at async t.GitHistoryProvider.resolveHEADMergeBase (/usr/lib/code-server/lib/vscode/extensions/git/dist/main.js:2:945925)
	at async t.GitHistoryProvider.onDidRunGitStatus (/usr/lib/code-server/lib/vscode/extensions/git/dist/main.js:2:940157)
2026-01-19 17:34:37.257 [warning] [Decorations] CAPPING events from decorations provider vscode.git 9014
2026-01-19 17:34:39.297 [error] Error: No such branch: master.
	at F.getBranch (/usr/lib/code-server/lib/vscode/extensions/git/dist/main.js:2:935457)
	at async T.retryRun (/usr/lib/code-server/lib/vscode/extensions/git/dist/main.js:2:1028191)
	at async T.run (/usr/lib/code-server/lib/vscode/extensions/git/dist/main.js:2:1027795)
	at async T.getBranch (/usr/lib/code-server/lib/vscode/extensions/git/dist/main.js:2:1016176)
	at async T.getBranchBase (/usr/lib/code-server/lib/vscode/extensions/git/dist/main.js:2:1016462)
	at async t.GitHistoryProvider.resolveHEADMergeBase (/usr/lib/code-server/lib/vscode/extensions/git/dist/main.js:2:945925)
	at async t.GitHistoryProvider.onDidRunGitStatus (/usr/lib/code-server/lib/vscode/extensions/git/dist/main.js:2:940157)
2026-01-19 17:34:42.647 [warning] [Decorations] CAPPING events from decorations provider vscode.git 9014
2026-01-19 17:34:45.480 [error] Error: No such branch: master.
	at F.getBranch (/usr/lib/code-server/lib/vscode/extensions/git/dist/main.js:2:935457)
	at async T.retryRun (/usr/lib/code-server/lib/vscode/extensions/git/dist/main.js:2:1028191)
	at async T.run (/usr/lib/code-server/lib/vscode/extensions/git/dist/main.js:2:1027795)
	at async T.getBranch (/usr/lib/code-server/lib/vscode/extensions/git/dist/main.js:2:1016176)
	at async T.getBranchBase (/usr/lib/code-server/lib/vscode/extensions/git/dist/main.js:2:1016462)
	at async t.GitHistoryProvider.resolveHEADMergeBase (/usr/lib/code-server/lib/vscode/extensions/git/dist/main.js:2:945925)
	at async t.GitHistoryProvider.onDidRunGitStatus (/usr/lib/code-server/lib/vscode/extensions/git/dist/main.js:2:940157)
2026-01-19 17:34:48.239 [warning] [Decorations] CAPPING events from decorations provider vscode.git 9014
