2025-03-13 08:14:41.667 [info] Installing extension: ms-python.python {"isMachineScoped":false,"installPreReleaseVersion":false,"installOnlyNewlyAddedFromExtensionPack":false,"isApplicationScoped":false,"profileLocation":{"$mid":1,"fsPath":"/root/.local/share/code-server/extensions/extensions.json","external":"file:///root/.local/share/code-server/extensions/extensions.json","path":"/root/.local/share/code-server/extensions/extensions.json","scheme":"file"},"productVersion":{"version":"1.91.1","date":"2024-07-15T18:41:47.410Z"}}
2025-03-13 08:14:46.303 [info] Getting Manifest... ms-toolsai.jupyter
2025-03-13 08:14:52.302 [info] Getting Manifest... ms-toolsai.jupyter-renderers
2025-03-13 08:14:52.762 [info] Getting Manifest... ms-toolsai.jupyter-keymap
2025-03-13 08:14:52.994 [info] Getting Manifest... ms-toolsai.vscode-jupyter-cell-tags
2025-03-13 08:14:53.219 [info] Getting Manifest... ms-toolsai.vscode-jupyter-slideshow
2025-03-13 08:14:53.481 [info] Installing extension: ms-toolsai.jupyter {"isMachineScoped":false,"installPreReleaseVersion":false,"installOnlyNewlyAddedFromExtensionPack":false,"isApplicationScoped":false,"profileLocation":{"$mid":1,"fsPath":"/root/.local/share/code-server/extensions/extensions.json","external":"file:///root/.local/share/code-server/extensions/extensions.json","path":"/root/.local/share/code-server/extensions/extensions.json","scheme":"file"},"productVersion":{"version":"1.91.1","date":"2024-07-15T18:41:47.410Z"},"context":{"dependecyOrPackExtensionInstall":true}}
2025-03-13 08:14:53.481 [info] Installing extension: ms-toolsai.jupyter-renderers {"isMachineScoped":false,"installPreReleaseVersion":false,"installOnlyNewlyAddedFromExtensionPack":false,"isApplicationScoped":false,"profileLocation":{"$mid":1,"fsPath":"/root/.local/share/code-server/extensions/extensions.json","external":"file:///root/.local/share/code-server/extensions/extensions.json","path":"/root/.local/share/code-server/extensions/extensions.json","scheme":"file"},"productVersion":{"version":"1.91.1","date":"2024-07-15T18:41:47.410Z"},"context":{"dependecyOrPackExtensionInstall":true}}
2025-03-13 08:14:53.481 [info] Installing extension: ms-toolsai.jupyter-keymap {"isMachineScoped":false,"installPreReleaseVersion":false,"installOnlyNewlyAddedFromExtensionPack":false,"isApplicationScoped":false,"profileLocation":{"$mid":1,"fsPath":"/root/.local/share/code-server/extensions/extensions.json","external":"file:///root/.local/share/code-server/extensions/extensions.json","path":"/root/.local/share/code-server/extensions/extensions.json","scheme":"file"},"productVersion":{"version":"1.91.1","date":"2024-07-15T18:41:47.410Z"},"context":{"dependecyOrPackExtensionInstall":true}}
2025-03-13 08:14:53.481 [info] Installing extension: ms-toolsai.vscode-jupyter-cell-tags {"isMachineScoped":false,"installPreReleaseVersion":false,"installOnlyNewlyAddedFromExtensionPack":false,"isApplicationScoped":false,"profileLocation":{"$mid":1,"fsPath":"/root/.local/share/code-server/extensions/extensions.json","external":"file:///root/.local/share/code-server/extensions/extensions.json","path":"/root/.local/share/code-server/extensions/extensions.json","scheme":"file"},"productVersion":{"version":"1.91.1","date":"2024-07-15T18:41:47.410Z"},"context":{"dependecyOrPackExtensionInstall":true}}
2025-03-13 08:14:53.481 [info] Installing extension: ms-toolsai.vscode-jupyter-slideshow {"isMachineScoped":false,"installPreReleaseVersion":false,"installOnlyNewlyAddedFromExtensionPack":false,"isApplicationScoped":false,"profileLocation":{"$mid":1,"fsPath":"/root/.local/share/code-server/extensions/extensions.json","external":"file:///root/.local/share/code-server/extensions/extensions.json","path":"/root/.local/share/code-server/extensions/extensions.json","scheme":"file"},"productVersion":{"version":"1.91.1","date":"2024-07-15T18:41:47.410Z"},"context":{"dependecyOrPackExtensionInstall":true}}
2025-03-13 08:14:54.250 [info] Extracted extension to file:///root/.local/share/code-server/extensions/ms-toolsai.jupyter-keymap-1.1.2-universal: ms-toolsai.jupyter-keymap
2025-03-13 08:14:54.255 [info] Renamed to /root/.local/share/code-server/extensions/ms-toolsai.jupyter-keymap-1.1.2-universal
2025-03-13 08:14:54.500 [info] Extracted extension to file:///root/.local/share/code-server/extensions/ms-toolsai.vscode-jupyter-slideshow-0.1.6-universal: ms-toolsai.vscode-jupyter-slideshow
2025-03-13 08:14:54.505 [info] Renamed to /root/.local/share/code-server/extensions/ms-toolsai.vscode-jupyter-slideshow-0.1.6-universal
2025-03-13 08:14:54.510 [info] Extracted extension to file:///root/.local/share/code-server/extensions/ms-toolsai.vscode-jupyter-cell-tags-0.1.9-universal: ms-toolsai.vscode-jupyter-cell-tags
2025-03-13 08:14:54.514 [info] Renamed to /root/.local/share/code-server/extensions/ms-toolsai.vscode-jupyter-cell-tags-0.1.9-universal
2025-03-13 08:14:55.780 [info] Extracted extension to file:///root/.local/share/code-server/extensions/ms-python.python-2021.5.829140558: ms-python.python
2025-03-13 08:14:55.787 [info] Renamed to /root/.local/share/code-server/extensions/ms-python.python-2021.5.829140558
2025-03-13 08:14:55.946 [info] Extracted extension to file:///root/.local/share/code-server/extensions/ms-toolsai.jupyter-renderers-1.0.19-universal: ms-toolsai.jupyter-renderers
2025-03-13 08:14:55.950 [info] Renamed to /root/.local/share/code-server/extensions/ms-toolsai.jupyter-renderers-1.0.19-universal
2025-03-13 08:14:56.905 [info] Extracted extension to file:///root/.local/share/code-server/extensions/ms-toolsai.jupyter-2024.6.0-universal: ms-toolsai.jupyter
2025-03-13 08:14:56.911 [info] Renamed to /root/.local/share/code-server/extensions/ms-toolsai.jupyter-2024.6.0-universal
2025-03-13 08:14:56.929 [info] Extension installed successfully: ms-toolsai.jupyter-keymap file:///root/.local/share/code-server/extensions/extensions.json
2025-03-13 08:14:56.929 [info] Extension installed successfully: ms-toolsai.vscode-jupyter-slideshow file:///root/.local/share/code-server/extensions/extensions.json
2025-03-13 08:14:56.929 [info] Extension installed successfully: ms-toolsai.vscode-jupyter-cell-tags file:///root/.local/share/code-server/extensions/extensions.json
2025-03-13 08:14:56.929 [info] Extension installed successfully: ms-python.python file:///root/.local/share/code-server/extensions/extensions.json
2025-03-13 08:14:56.929 [info] Extension installed successfully: ms-toolsai.jupyter-renderers file:///root/.local/share/code-server/extensions/extensions.json
2025-03-13 08:14:56.929 [info] Extension installed successfully: ms-toolsai.jupyter file:///root/.local/share/code-server/extensions/extensions.json
